{
  "stats": {
    "suites": 4,
    "tests": 12,
    "passes": 12,
    "pending": 0,
    "failures": 0,
    "testsRegistered": 12,
    "passPercent": 100,
    "pendingPercent": 0,
    "other": 0,
    "hasOther": false,
    "skipped": 0,
    "hasSkipped": false,
    "start": "2026-05-21T14:32:40.884Z",
    "end": "2026-05-21T14:33:33.590Z",
    "duration": 52706
  },
  "results": [
    {
      "uuid": "3f972052-bb27-4bf3-94a0-aa23042473b9",
      "title": "",
      "fullFile": "cypress\\e2e\\expenses.cy.js",
      "file": "cypress\\e2e\\expenses.cy.js",
      "beforeHooks": [],
      "afterHooks": [],
      "tests": [],
      "suites": [
        {
          "uuid": "fa11c5cf-0e81-41bc-96b8-3836087333de",
          "title": "Expenses | add fuel expense flow",
          "fullFile": "",
          "file": "",
          "beforeHooks": [],
          "afterHooks": [],
          "tests": [
            {
              "title": "opens the Expenses page with the Add an expense button visible",
              "fullTitle": "Expenses | add fuel expense flow opens the Expenses page with the Add an expense button visible",
              "timedOut": null,
              "duration": 7795,
              "state": "passed",
              "speed": "medium",
              "pass": true,
              "fail": false,
              "pending": false,
              "context": null,
              "code": "expenses.btn_add_expense.should('be.visible');",
              "err": {},
              "uuid": "d6a625c7-b122-4d2c-87fa-43c7bac738de",
              "parentUUID": "fa11c5cf-0e81-41bc-96b8-3836087333de",
              "isHook": false,
              "skipped": false
            },
            {
              "title": "opens the Add expense modal with all required inputs",
              "fullTitle": "Expenses | add fuel expense flow opens the Add expense modal with all required inputs",
              "timedOut": null,
              "duration": 807,
              "state": "passed",
              "speed": "fast",
              "pass": true,
              "fail": false,
              "pending": false,
              "context": null,
              "code": "expenses.openAddExpenseModal();\naddExpense.select_car.should('be.visible');\naddExpense.input_mileage.should('be.visible');\naddExpense.input_liters.should('be.visible');\naddExpense.input_totalCost.should('be.visible');",
              "err": {},
              "uuid": "4662e32f-8481-4794-a742-cc92ff9f6119",
              "parentUUID": "fa11c5cf-0e81-41bc-96b8-3836087333de",
              "isHook": false,
              "skipped": false
            },
            {
              "title": "successfully adds a fuel expense and shows it in the expenses list",
              "fullTitle": "Expenses | add fuel expense flow successfully adds a fuel expense and shows it in the expenses list",
              "timedOut": null,
              "duration": 1955,
              "state": "passed",
              "speed": "fast",
              "pass": true,
              "fail": false,
              "pending": false,
              "context": null,
              "code": "const initialMileage = Number(car.mileage);\n// Use a unique totalCost value so we can find this exact expense afterwards.\nconst uniqueCost = 50 + Math.floor(Math.random() * 900);\nconst expensePayload = {\n  mileage: initialMileage + 250,\n  liters: 30,\n  totalCost: uniqueCost\n};\nexpenses.openAddExpenseModal();\n// Car field is pre-selected to the only car in the garage; just submit.\naddExpense.fillAndSubmit(expensePayload);\n// Modal closed = backend accepted submission. Verify we are on expenses page.\ncy.location('pathname').should('include', '/panel/expenses');\n// Verify the unique totalCost appears somewhere on the page (in the list).\ncy.contains(String(uniqueCost), {\n  timeout: 10000\n}).should('be.visible');",
              "err": {},
              "uuid": "dfc3e710-9c5a-4bf2-9801-9c080621b064",
              "parentUUID": "fa11c5cf-0e81-41bc-96b8-3836087333de",
              "isHook": false,
              "skipped": false
            }
          ],
          "suites": [],
          "passes": [
            "d6a625c7-b122-4d2c-87fa-43c7bac738de",
            "4662e32f-8481-4794-a742-cc92ff9f6119",
            "dfc3e710-9c5a-4bf2-9801-9c080621b064"
          ],
          "failures": [],
          "pending": [],
          "skipped": [],
          "duration": 10557,
          "root": false,
          "rootEmpty": false,
          "_timeout": 2000
        }
      ],
      "passes": [],
      "failures": [],
      "pending": [],
      "skipped": [],
      "duration": 0,
      "root": true,
      "rootEmpty": true,
      "_timeout": 2000
    },
    {
      "uuid": "c8e6e21f-5732-4560-9d77-51f705932bc0",
      "title": "",
      "fullFile": "cypress\\e2e\\garage.cy.js",
      "file": "cypress\\e2e\\garage.cy.js",
      "beforeHooks": [],
      "afterHooks": [],
      "tests": [],
      "suites": [
        {
          "uuid": "730820fe-4a29-42ed-b2da-e14e90f03152",
          "title": "Garage | add car flow",
          "fullFile": "",
          "file": "",
          "beforeHooks": [],
          "afterHooks": [],
          "tests": [
            {
              "title": "opens the Garage page with the Add Car button visible",
              "fullTitle": "Garage | add car flow opens the Garage page with the Add Car button visible",
              "timedOut": null,
              "duration": 5913,
              "state": "passed",
              "speed": "medium",
              "pass": true,
              "fail": false,
              "pending": false,
              "context": null,
              "code": "garage.btn_add_car.should('be.visible');",
              "err": {},
              "uuid": "21190581-7252-4da8-9819-ee70fbf32702",
              "parentUUID": "730820fe-4a29-42ed-b2da-e14e90f03152",
              "isHook": false,
              "skipped": false
            },
            {
              "title": "opens the Add Car modal when the button is clicked",
              "fullTitle": "Garage | add car flow opens the Add Car modal when the button is clicked",
              "timedOut": null,
              "duration": 301,
              "state": "passed",
              "speed": "fast",
              "pass": true,
              "fail": false,
              "pending": false,
              "context": null,
              "code": "garage.openAddCarModal();\naddCar.modal_title.should('contain.text', 'Add a car');\naddCar.select_brand.should('be.visible');\naddCar.select_model.should('be.visible');\naddCar.input_mileage.should('be.visible');",
              "err": {},
              "uuid": "62b9d151-473e-448f-a6d5-ddb21fee1b9e",
              "parentUUID": "730820fe-4a29-42ed-b2da-e14e90f03152",
              "isHook": false,
              "skipped": false
            },
            {
              "title": "successfully adds a new car and shows it in the garage list",
              "fullTitle": "Garage | add car flow successfully adds a new car and shows it in the garage list",
              "timedOut": null,
              "duration": 1300,
              "state": "passed",
              "speed": "fast",
              "pass": true,
              "fail": false,
              "pending": false,
              "context": null,
              "code": "const carPayload = {\n  brand: 'Audi',\n  model: 'TT',\n  mileage: 12345\n};\ngarage.openAddCarModal();\naddCar.fillAndSubmit(carPayload);\n// Verify the car appears in the garage list\ngarage.carByTitle(`${carPayload.brand} ${carPayload.model}`).should('exist').and('be.visible');",
              "err": {},
              "uuid": "f8317085-5b4e-4419-b840-308ecec3b858",
              "parentUUID": "730820fe-4a29-42ed-b2da-e14e90f03152",
              "isHook": false,
              "skipped": false
            }
          ],
          "suites": [],
          "passes": [
            "21190581-7252-4da8-9819-ee70fbf32702",
            "62b9d151-473e-448f-a6d5-ddb21fee1b9e",
            "f8317085-5b4e-4419-b840-308ecec3b858"
          ],
          "failures": [],
          "pending": [],
          "skipped": [],
          "duration": 7514,
          "root": false,
          "rootEmpty": false,
          "_timeout": 2000
        }
      ],
      "passes": [],
      "failures": [],
      "pending": [],
      "skipped": [],
      "duration": 0,
      "root": true,
      "rootEmpty": true,
      "_timeout": 2000
    },
    {
      "uuid": "d22132c1-5e75-4867-b575-fd9d16a457f9",
      "title": "",
      "fullFile": "cypress\\e2e\\expenses.cy.js",
      "file": "cypress\\e2e\\expenses.cy.js",
      "beforeHooks": [],
      "afterHooks": [],
      "tests": [],
      "suites": [
        {
          "uuid": "59f7fa11-9945-439d-9455-a686db8fc93b",
          "title": "Expenses | add fuel expense flow",
          "fullFile": "",
          "file": "",
          "beforeHooks": [],
          "afterHooks": [],
          "tests": [
            {
              "title": "opens the Expenses page with the Add an expense button visible",
              "fullTitle": "Expenses | add fuel expense flow opens the Expenses page with the Add an expense button visible",
              "timedOut": null,
              "duration": 7177,
              "state": "passed",
              "speed": "medium",
              "pass": true,
              "fail": false,
              "pending": false,
              "context": null,
              "code": "expenses.btn_add_expense.should('be.visible');",
              "err": {},
              "uuid": "44a51fa1-3f11-4807-add4-02f84dcce48a",
              "parentUUID": "59f7fa11-9945-439d-9455-a686db8fc93b",
              "isHook": false,
              "skipped": false
            },
            {
              "title": "opens the Add expense modal with all required inputs",
              "fullTitle": "Expenses | add fuel expense flow opens the Add expense modal with all required inputs",
              "timedOut": null,
              "duration": 376,
              "state": "passed",
              "speed": "fast",
              "pass": true,
              "fail": false,
              "pending": false,
              "context": null,
              "code": "expenses.openAddExpenseModal();\naddExpense.select_car.should('be.visible');\naddExpense.input_mileage.should('be.visible');\naddExpense.input_liters.should('be.visible');\naddExpense.input_totalCost.should('be.visible');",
              "err": {},
              "uuid": "22df4e7b-d514-4895-8ff2-cf7091eee02a",
              "parentUUID": "59f7fa11-9945-439d-9455-a686db8fc93b",
              "isHook": false,
              "skipped": false
            },
            {
              "title": "successfully adds a fuel expense and shows it in the expenses list",
              "fullTitle": "Expenses | add fuel expense flow successfully adds a fuel expense and shows it in the expenses list",
              "timedOut": null,
              "duration": 1663,
              "state": "passed",
              "speed": "fast",
              "pass": true,
              "fail": false,
              "pending": false,
              "context": null,
              "code": "const initialMileage = Number(car.mileage);\n// Use a unique totalCost value so we can find this exact expense afterwards.\nconst uniqueCost = 50 + Math.floor(Math.random() * 900);\nconst expensePayload = {\n  mileage: initialMileage + 250,\n  liters: 30,\n  totalCost: uniqueCost\n};\nexpenses.openAddExpenseModal();\n// Car field is pre-selected to the only car in the garage; just submit.\naddExpense.fillAndSubmit(expensePayload);\n// Modal closed = backend accepted submission. Verify we are on expenses page.\ncy.location('pathname').should('include', '/panel/expenses');\n// Verify the unique totalCost appears somewhere on the page (in the list).\ncy.contains(String(uniqueCost), {\n  timeout: 10000\n}).should('be.visible');",
              "err": {},
              "uuid": "42e2c32d-776b-4b73-8fd9-af4addcd332a",
              "parentUUID": "59f7fa11-9945-439d-9455-a686db8fc93b",
              "isHook": false,
              "skipped": false
            }
          ],
          "suites": [],
          "passes": [
            "44a51fa1-3f11-4807-add4-02f84dcce48a",
            "22df4e7b-d514-4895-8ff2-cf7091eee02a",
            "42e2c32d-776b-4b73-8fd9-af4addcd332a"
          ],
          "failures": [],
          "pending": [],
          "skipped": [],
          "duration": 9216,
          "root": false,
          "rootEmpty": false,
          "_timeout": 2000
        }
      ],
      "passes": [],
      "failures": [],
      "pending": [],
      "skipped": [],
      "duration": 0,
      "root": true,
      "rootEmpty": true,
      "_timeout": 2000
    },
    {
      "uuid": "1ee104b6-6e2c-4503-a3ef-b65d7bf871f3",
      "title": "",
      "fullFile": "cypress\\e2e\\garage.cy.js",
      "file": "cypress\\e2e\\garage.cy.js",
      "beforeHooks": [],
      "afterHooks": [],
      "tests": [],
      "suites": [
        {
          "uuid": "c0ba4ddd-8c0f-413f-976e-e529d8f1eeb3",
          "title": "Garage | add car flow",
          "fullFile": "",
          "file": "",
          "beforeHooks": [],
          "afterHooks": [],
          "tests": [
            {
              "title": "opens the Garage page with the Add Car button visible",
              "fullTitle": "Garage | add car flow opens the Garage page with the Add Car button visible",
              "timedOut": null,
              "duration": 4958,
              "state": "passed",
              "speed": "fast",
              "pass": true,
              "fail": false,
              "pending": false,
              "context": null,
              "code": "garage.btn_add_car.should('be.visible');",
              "err": {},
              "uuid": "dcefb6d5-09cd-4b54-8987-102ee5250042",
              "parentUUID": "c0ba4ddd-8c0f-413f-976e-e529d8f1eeb3",
              "isHook": false,
              "skipped": false
            },
            {
              "title": "opens the Add Car modal when the button is clicked",
              "fullTitle": "Garage | add car flow opens the Add Car modal when the button is clicked",
              "timedOut": null,
              "duration": 354,
              "state": "passed",
              "speed": "fast",
              "pass": true,
              "fail": false,
              "pending": false,
              "context": null,
              "code": "garage.openAddCarModal();\naddCar.modal_title.should('contain.text', 'Add a car');\naddCar.select_brand.should('be.visible');\naddCar.select_model.should('be.visible');\naddCar.input_mileage.should('be.visible');",
              "err": {},
              "uuid": "c8eba9f2-fcfa-43be-88be-d601c8059aa7",
              "parentUUID": "c0ba4ddd-8c0f-413f-976e-e529d8f1eeb3",
              "isHook": false,
              "skipped": false
            },
            {
              "title": "successfully adds a new car and shows it in the garage list",
              "fullTitle": "Garage | add car flow successfully adds a new car and shows it in the garage list",
              "timedOut": null,
              "duration": 1334,
              "state": "passed",
              "speed": "fast",
              "pass": true,
              "fail": false,
              "pending": false,
              "context": null,
              "code": "const carPayload = {\n  brand: 'Audi',\n  model: 'TT',\n  mileage: 12345\n};\ngarage.openAddCarModal();\naddCar.fillAndSubmit(carPayload);\n// Verify the car appears in the garage list\ngarage.carByTitle(`${carPayload.brand} ${carPayload.model}`).should('exist').and('be.visible');",
              "err": {},
              "uuid": "2de1cb9d-0cce-495c-b9e7-d9965226baf9",
              "parentUUID": "c0ba4ddd-8c0f-413f-976e-e529d8f1eeb3",
              "isHook": false,
              "skipped": false
            }
          ],
          "suites": [],
          "passes": [
            "dcefb6d5-09cd-4b54-8987-102ee5250042",
            "c8eba9f2-fcfa-43be-88be-d601c8059aa7",
            "2de1cb9d-0cce-495c-b9e7-d9965226baf9"
          ],
          "failures": [],
          "pending": [],
          "skipped": [],
          "duration": 6646,
          "root": false,
          "rootEmpty": false,
          "_timeout": 2000
        }
      ],
      "passes": [],
      "failures": [],
      "pending": [],
      "skipped": [],
      "duration": 0,
      "root": true,
      "rootEmpty": true,
      "_timeout": 2000
    }
  ],
  "meta": {
    "mocha": {
      "version": "7.2.0"
    },
    "mochawesome": {
      "options": {
        "quiet": false,
        "reportFilename": "mochawesome",
        "saveHtml": false,
        "saveJson": true,
        "consoleReporter": "spec",
        "useInlineDiffs": false,
        "code": true
      },
      "version": "7.1.4"
    },
    "marge": {
      "options": {
        "reportDir": "cypress/reports",
        "overwrite": false,
        "html": false,
        "json": true,
        "timestamp": "yyyy-mm-dd_HH-MM-ss"
      },
      "version": "6.3.2"
    }
  }
}