{
  "stats": {
    "suites": 1,
    "tests": 3,
    "passes": 3,
    "pending": 0,
    "failures": 0,
    "start": "2026-05-21T14:33:15.364Z",
    "end": "2026-05-21T14:33:24.693Z",
    "duration": 9329,
    "testsRegistered": 3,
    "passPercent": 100,
    "pendingPercent": 0,
    "other": 0,
    "hasOther": false,
    "skipped": 0,
    "hasSkipped": false
  },
  "results": [
    {
      "uuid": "d22132c1-5e75-4867-b575-fd9d16a457f9",
      "title": "",
      "fullFile": "cypress\\e2e\\expenses.cy.js",
      "file": "cypress\\e2e\\expenses.cy.js",
      "beforeHooks": [],
      "afterHooks": [],
      "tests": [],
      "suites": [
        {
          "uuid": "59f7fa11-9945-439d-9455-a686db8fc93b",
          "title": "Expenses | add fuel expense flow",
          "fullFile": "",
          "file": "",
          "beforeHooks": [],
          "afterHooks": [],
          "tests": [
            {
              "title": "opens the Expenses page with the Add an expense button visible",
              "fullTitle": "Expenses | add fuel expense flow opens the Expenses page with the Add an expense button visible",
              "timedOut": null,
              "duration": 7177,
              "state": "passed",
              "speed": "medium",
              "pass": true,
              "fail": false,
              "pending": false,
              "context": null,
              "code": "expenses.btn_add_expense.should('be.visible');",
              "err": {},
              "uuid": "44a51fa1-3f11-4807-add4-02f84dcce48a",
              "parentUUID": "59f7fa11-9945-439d-9455-a686db8fc93b",
              "isHook": false,
              "skipped": false
            },
            {
              "title": "opens the Add expense modal with all required inputs",
              "fullTitle": "Expenses | add fuel expense flow opens the Add expense modal with all required inputs",
              "timedOut": null,
              "duration": 376,
              "state": "passed",
              "speed": "fast",
              "pass": true,
              "fail": false,
              "pending": false,
              "context": null,
              "code": "expenses.openAddExpenseModal();\naddExpense.select_car.should('be.visible');\naddExpense.input_mileage.should('be.visible');\naddExpense.input_liters.should('be.visible');\naddExpense.input_totalCost.should('be.visible');",
              "err": {},
              "uuid": "22df4e7b-d514-4895-8ff2-cf7091eee02a",
              "parentUUID": "59f7fa11-9945-439d-9455-a686db8fc93b",
              "isHook": false,
              "skipped": false
            },
            {
              "title": "successfully adds a fuel expense and shows it in the expenses list",
              "fullTitle": "Expenses | add fuel expense flow successfully adds a fuel expense and shows it in the expenses list",
              "timedOut": null,
              "duration": 1663,
              "state": "passed",
              "speed": "fast",
              "pass": true,
              "fail": false,
              "pending": false,
              "context": null,
              "code": "const initialMileage = Number(car.mileage);\n// Use a unique totalCost value so we can find this exact expense afterwards.\nconst uniqueCost = 50 + Math.floor(Math.random() * 900);\nconst expensePayload = {\n  mileage: initialMileage + 250,\n  liters: 30,\n  totalCost: uniqueCost\n};\nexpenses.openAddExpenseModal();\n// Car field is pre-selected to the only car in the garage; just submit.\naddExpense.fillAndSubmit(expensePayload);\n// Modal closed = backend accepted submission. Verify we are on expenses page.\ncy.location('pathname').should('include', '/panel/expenses');\n// Verify the unique totalCost appears somewhere on the page (in the list).\ncy.contains(String(uniqueCost), {\n  timeout: 10000\n}).should('be.visible');",
              "err": {},
              "uuid": "42e2c32d-776b-4b73-8fd9-af4addcd332a",
              "parentUUID": "59f7fa11-9945-439d-9455-a686db8fc93b",
              "isHook": false,
              "skipped": false
            }
          ],
          "suites": [],
          "passes": [
            "44a51fa1-3f11-4807-add4-02f84dcce48a",
            "22df4e7b-d514-4895-8ff2-cf7091eee02a",
            "42e2c32d-776b-4b73-8fd9-af4addcd332a"
          ],
          "failures": [],
          "pending": [],
          "skipped": [],
          "duration": 9216,
          "root": false,
          "rootEmpty": false,
          "_timeout": 2000
        }
      ],
      "passes": [],
      "failures": [],
      "pending": [],
      "skipped": [],
      "duration": 0,
      "root": true,
      "rootEmpty": true,
      "_timeout": 2000
    }
  ],
  "meta": {
    "mocha": {
      "version": "7.2.0"
    },
    "mochawesome": {
      "options": {
        "quiet": false,
        "reportFilename": "mochawesome",
        "saveHtml": false,
        "saveJson": true,
        "consoleReporter": "spec",
        "useInlineDiffs": false,
        "code": true
      },
      "version": "7.1.4"
    },
    "marge": {
      "options": {
        "reportDir": "cypress/reports",
        "overwrite": false,
        "html": false,
        "json": true,
        "timestamp": "yyyy-mm-dd_HH-MM-ss"
      },
      "version": "6.3.2"
    }
  }
}