{
  "stats": {
    "suites": 1,
    "tests": 3,
    "passes": 3,
    "pending": 0,
    "failures": 0,
    "start": "2026-05-21T14:32:40.884Z",
    "end": "2026-05-21T14:32:51.612Z",
    "duration": 10728,
    "testsRegistered": 3,
    "passPercent": 100,
    "pendingPercent": 0,
    "other": 0,
    "hasOther": false,
    "skipped": 0,
    "hasSkipped": false
  },
  "results": [
    {
      "uuid": "3f972052-bb27-4bf3-94a0-aa23042473b9",
      "title": "",
      "fullFile": "cypress\\e2e\\expenses.cy.js",
      "file": "cypress\\e2e\\expenses.cy.js",
      "beforeHooks": [],
      "afterHooks": [],
      "tests": [],
      "suites": [
        {
          "uuid": "fa11c5cf-0e81-41bc-96b8-3836087333de",
          "title": "Expenses | add fuel expense flow",
          "fullFile": "",
          "file": "",
          "beforeHooks": [],
          "afterHooks": [],
          "tests": [
            {
              "title": "opens the Expenses page with the Add an expense button visible",
              "fullTitle": "Expenses | add fuel expense flow opens the Expenses page with the Add an expense button visible",
              "timedOut": null,
              "duration": 7795,
              "state": "passed",
              "speed": "medium",
              "pass": true,
              "fail": false,
              "pending": false,
              "context": null,
              "code": "expenses.btn_add_expense.should('be.visible');",
              "err": {},
              "uuid": "d6a625c7-b122-4d2c-87fa-43c7bac738de",
              "parentUUID": "fa11c5cf-0e81-41bc-96b8-3836087333de",
              "isHook": false,
              "skipped": false
            },
            {
              "title": "opens the Add expense modal with all required inputs",
              "fullTitle": "Expenses | add fuel expense flow opens the Add expense modal with all required inputs",
              "timedOut": null,
              "duration": 807,
              "state": "passed",
              "speed": "fast",
              "pass": true,
              "fail": false,
              "pending": false,
              "context": null,
              "code": "expenses.openAddExpenseModal();\naddExpense.select_car.should('be.visible');\naddExpense.input_mileage.should('be.visible');\naddExpense.input_liters.should('be.visible');\naddExpense.input_totalCost.should('be.visible');",
              "err": {},
              "uuid": "4662e32f-8481-4794-a742-cc92ff9f6119",
              "parentUUID": "fa11c5cf-0e81-41bc-96b8-3836087333de",
              "isHook": false,
              "skipped": false
            },
            {
              "title": "successfully adds a fuel expense and shows it in the expenses list",
              "fullTitle": "Expenses | add fuel expense flow successfully adds a fuel expense and shows it in the expenses list",
              "timedOut": null,
              "duration": 1955,
              "state": "passed",
              "speed": "fast",
              "pass": true,
              "fail": false,
              "pending": false,
              "context": null,
              "code": "const initialMileage = Number(car.mileage);\n// Use a unique totalCost value so we can find this exact expense afterwards.\nconst uniqueCost = 50 + Math.floor(Math.random() * 900);\nconst expensePayload = {\n  mileage: initialMileage + 250,\n  liters: 30,\n  totalCost: uniqueCost\n};\nexpenses.openAddExpenseModal();\n// Car field is pre-selected to the only car in the garage; just submit.\naddExpense.fillAndSubmit(expensePayload);\n// Modal closed = backend accepted submission. Verify we are on expenses page.\ncy.location('pathname').should('include', '/panel/expenses');\n// Verify the unique totalCost appears somewhere on the page (in the list).\ncy.contains(String(uniqueCost), {\n  timeout: 10000\n}).should('be.visible');",
              "err": {},
              "uuid": "dfc3e710-9c5a-4bf2-9801-9c080621b064",
              "parentUUID": "fa11c5cf-0e81-41bc-96b8-3836087333de",
              "isHook": false,
              "skipped": false
            }
          ],
          "suites": [],
          "passes": [
            "d6a625c7-b122-4d2c-87fa-43c7bac738de",
            "4662e32f-8481-4794-a742-cc92ff9f6119",
            "dfc3e710-9c5a-4bf2-9801-9c080621b064"
          ],
          "failures": [],
          "pending": [],
          "skipped": [],
          "duration": 10557,
          "root": false,
          "rootEmpty": false,
          "_timeout": 2000
        }
      ],
      "passes": [],
      "failures": [],
      "pending": [],
      "skipped": [],
      "duration": 0,
      "root": true,
      "rootEmpty": true,
      "_timeout": 2000
    }
  ],
  "meta": {
    "mocha": {
      "version": "7.2.0"
    },
    "mochawesome": {
      "options": {
        "quiet": false,
        "reportFilename": "mochawesome",
        "saveHtml": false,
        "saveJson": true,
        "consoleReporter": "spec",
        "useInlineDiffs": false,
        "code": true
      },
      "version": "7.1.4"
    },
    "marge": {
      "options": {
        "reportDir": "cypress/reports",
        "overwrite": false,
        "html": false,
        "json": true,
        "timestamp": "yyyy-mm-dd_HH-MM-ss"
      },
      "version": "6.3.2"
    }
  }
}