{
  "stats": {
    "suites": 1,
    "tests": 3,
    "passes": 3,
    "pending": 0,
    "failures": 0,
    "start": "2026-05-21T14:32:54.208Z",
    "end": "2026-05-21T14:33:01.811Z",
    "duration": 7603,
    "testsRegistered": 3,
    "passPercent": 100,
    "pendingPercent": 0,
    "other": 0,
    "hasOther": false,
    "skipped": 0,
    "hasSkipped": false
  },
  "results": [
    {
      "uuid": "c8e6e21f-5732-4560-9d77-51f705932bc0",
      "title": "",
      "fullFile": "cypress\\e2e\\garage.cy.js",
      "file": "cypress\\e2e\\garage.cy.js",
      "beforeHooks": [],
      "afterHooks": [],
      "tests": [],
      "suites": [
        {
          "uuid": "730820fe-4a29-42ed-b2da-e14e90f03152",
          "title": "Garage | add car flow",
          "fullFile": "",
          "file": "",
          "beforeHooks": [],
          "afterHooks": [],
          "tests": [
            {
              "title": "opens the Garage page with the Add Car button visible",
              "fullTitle": "Garage | add car flow opens the Garage page with the Add Car button visible",
              "timedOut": null,
              "duration": 5913,
              "state": "passed",
              "speed": "medium",
              "pass": true,
              "fail": false,
              "pending": false,
              "context": null,
              "code": "garage.btn_add_car.should('be.visible');",
              "err": {},
              "uuid": "21190581-7252-4da8-9819-ee70fbf32702",
              "parentUUID": "730820fe-4a29-42ed-b2da-e14e90f03152",
              "isHook": false,
              "skipped": false
            },
            {
              "title": "opens the Add Car modal when the button is clicked",
              "fullTitle": "Garage | add car flow opens the Add Car modal when the button is clicked",
              "timedOut": null,
              "duration": 301,
              "state": "passed",
              "speed": "fast",
              "pass": true,
              "fail": false,
              "pending": false,
              "context": null,
              "code": "garage.openAddCarModal();\naddCar.modal_title.should('contain.text', 'Add a car');\naddCar.select_brand.should('be.visible');\naddCar.select_model.should('be.visible');\naddCar.input_mileage.should('be.visible');",
              "err": {},
              "uuid": "62b9d151-473e-448f-a6d5-ddb21fee1b9e",
              "parentUUID": "730820fe-4a29-42ed-b2da-e14e90f03152",
              "isHook": false,
              "skipped": false
            },
            {
              "title": "successfully adds a new car and shows it in the garage list",
              "fullTitle": "Garage | add car flow successfully adds a new car and shows it in the garage list",
              "timedOut": null,
              "duration": 1300,
              "state": "passed",
              "speed": "fast",
              "pass": true,
              "fail": false,
              "pending": false,
              "context": null,
              "code": "const carPayload = {\n  brand: 'Audi',\n  model: 'TT',\n  mileage: 12345\n};\ngarage.openAddCarModal();\naddCar.fillAndSubmit(carPayload);\n// Verify the car appears in the garage list\ngarage.carByTitle(`${carPayload.brand} ${carPayload.model}`).should('exist').and('be.visible');",
              "err": {},
              "uuid": "f8317085-5b4e-4419-b840-308ecec3b858",
              "parentUUID": "730820fe-4a29-42ed-b2da-e14e90f03152",
              "isHook": false,
              "skipped": false
            }
          ],
          "suites": [],
          "passes": [
            "21190581-7252-4da8-9819-ee70fbf32702",
            "62b9d151-473e-448f-a6d5-ddb21fee1b9e",
            "f8317085-5b4e-4419-b840-308ecec3b858"
          ],
          "failures": [],
          "pending": [],
          "skipped": [],
          "duration": 7514,
          "root": false,
          "rootEmpty": false,
          "_timeout": 2000
        }
      ],
      "passes": [],
      "failures": [],
      "pending": [],
      "skipped": [],
      "duration": 0,
      "root": true,
      "rootEmpty": true,
      "_timeout": 2000
    }
  ],
  "meta": {
    "mocha": {
      "version": "7.2.0"
    },
    "mochawesome": {
      "options": {
        "quiet": false,
        "reportFilename": "mochawesome",
        "saveHtml": false,
        "saveJson": true,
        "consoleReporter": "spec",
        "useInlineDiffs": false,
        "code": true
      },
      "version": "7.1.4"
    },
    "marge": {
      "options": {
        "reportDir": "cypress/reports",
        "overwrite": false,
        "html": false,
        "json": true,
        "timestamp": "yyyy-mm-dd_HH-MM-ss"
      },
      "version": "6.3.2"
    }
  }
}